[2025-05-14 11:26:04,008 Bens-Mac-Studio.local] __init__.py:autodetect:49 - INFO: file_cache is only supported with oauth2client<4.0.0
[2025-05-14 11:26:04,016 Bens-Mac-Studio.local] discovery.py:method:1258 - DEBUG: URL being requested: GET https://www.googleapis.com/calendar/v3/calendars/primary/events?timeMin=2024-05-27T00%3A00%3A00-07%3A00&timeMax=2024-06-02T23%3A59%3A59-07%3A00&singleEvents=true&orderBy=startTime&fields=items%28start%2C+end%2C+summary%2C+description%29&alt=json
[2025-05-14 11:26:04,515 Bens-Mac-Studio.local] audit.py:query_events:142 - INFO: 0:00-6:30 Sleep
[2025-05-14 11:26:04,515 Bens-Mac-Studio.local] audit.py:query_events:142 - INFO: 6:30-7:00 Morning Routine
[2025-05-14 11:26:04,516 Bens-Mac-Studio.local] audit.py:query_events:142 - INFO: 7:00-11:30 Miru
[2025-05-14 11:26:04,516 Bens-Mac-Studio.local] audit.py:query_events:142 - INFO: 11:30-11:45 Daily Planning
[2025-05-14 11:26:04,516 Bens-Mac-Studio.local] audit.py:query_events:142 - INFO: 11:45-0:00 Daily Standup
[2025-05-14 11:26:04,516 Bens-Mac-Studio.local] audit.py:query_events:142 - INFO: 0:00-1:00 Weekly Meeting
[2025-05-14 11:26:04,516 Bens-Mac-Studio.local] audit.py:query_events:142 - INFO: 1:00-1:15 Lunch
[2025-05-14 11:26:04,516 Bens-Mac-Studio.local] audit.py:query_events:142 - INFO: 1:15-1:30 Bible
[2025-05-14 11:26:04,516 Bens-Mac-Studio.local] audit.py:query_events:142 - INFO: 1:30-3:45 Miru
[2025-05-14 11:26:04,516 Bens-Mac-Studio.local] audit.py:query_events:142 - INFO: 3:45-4:00 Run
[2025-05-14 11:26:04,516 Bens-Mac-Studio.local] audit.py:query_events:142 - INFO: 4:00-5:00 Lift
[2025-05-14 11:26:04,516 Bens-Mac-Studio.local] audit.py:query_events:142 - INFO: 5:00-5:30 Dinner
[2025-05-14 11:26:04,516 Bens-Mac-Studio.local] audit.py:query_events:142 - INFO: 5:30-8:45 Miru
[2025-05-14 11:26:04,516 Bens-Mac-Studio.local] audit.py:query_events:142 - INFO: 8:45-9:45 Technical Growth
[2025-05-14 11:26:04,516 Bens-Mac-Studio.local] audit.py:query_events:142 - INFO: 9:45-10:00 Nighttime Routine
[2025-05-14 11:26:04,516 Bens-Mac-Studio.local] audit.py:query_events:142 - INFO: 10:00-10:30 Read
[2025-05-14 11:26:04,516 Bens-Mac-Studio.local] audit.py:query_events:142 - INFO: 10:30-0:00 Sleep
[2025-05-14 11:26:04,516 Bens-Mac-Studio.local] audit.py:query_events:142 - INFO: 0:00-6:30 Sleep
[2025-05-14 11:26:04,517 Bens-Mac-Studio.local] audit.py:query_events:142 - INFO: 6:30-7:00 Morning Routine
[2025-05-14 11:26:04,517 Bens-Mac-Studio.local] audit.py:query_events:142 - INFO: 7:00-11:30 Miru
[2025-05-14 11:26:04,517 Bens-Mac-Studio.local] audit.py:query_events:142 - INFO: 11:30-11:45 Daily Planning
[2025-05-14 11:26:04,517 Bens-Mac-Studio.local] audit.py:query_events:142 - INFO: 11:45-0:00 Daily Standup
[2025-05-14 11:26:04,517 Bens-Mac-Studio.local] audit.py:query_events:142 - INFO: 0:00-0:15 Lunch
[2025-05-14 11:26:04,517 Bens-Mac-Studio.local] audit.py:query_events:142 - INFO: 0:15-0:30 Bible
[2025-05-14 11:26:04,517 Bens-Mac-Studio.local] audit.py:query_events:142 - INFO: 0:30-3:15 Miru
[2025-05-14 11:26:04,517 Bens-Mac-Studio.local] audit.py:query_events:142 - INFO: 3:15-3:30 Run
[2025-05-14 11:26:04,517 Bens-Mac-Studio.local] audit.py:query_events:142 - INFO: 3:30-4:30 Lift
[2025-05-14 11:26:04,517 Bens-Mac-Studio.local] audit.py:query_events:142 - INFO: 4:30-5:00 Stretch
[2025-05-14 11:26:04,517 Bens-Mac-Studio.local] audit.py:query_events:142 - INFO: 5:00-5:30 Dinner
[2025-05-14 11:26:04,517 Bens-Mac-Studio.local] audit.py:query_events:142 - INFO: 5:30-8:45 Miru
[2025-05-14 11:26:04,517 Bens-Mac-Studio.local] audit.py:query_events:142 - INFO: 8:45-9:45 Technical Growth
[2025-05-14 11:26:04,517 Bens-Mac-Studio.local] audit.py:query_events:142 - INFO: 9:45-10:00 Nighttime Routine
[2025-05-14 11:26:04,517 Bens-Mac-Studio.local] audit.py:query_events:142 - INFO: 10:00-10:30 Read
[2025-05-14 11:26:04,517 Bens-Mac-Studio.local] audit.py:query_events:142 - INFO: 10:30-0:00 Sleep
[2025-05-14 11:26:04,517 Bens-Mac-Studio.local] audit.py:query_events:142 - INFO: 0:00-6:30 Sleep
[2025-05-14 11:26:04,517 Bens-Mac-Studio.local] audit.py:query_events:142 - INFO: 6:30-7:00 Morning Routine
[2025-05-14 11:26:04,517 Bens-Mac-Studio.local] audit.py:query_events:142 - INFO: 7:00-11:30 Miru
[2025-05-14 11:26:04,517 Bens-Mac-Studio.local] audit.py:query_events:142 - INFO: 11:30-11:45 Daily Planning
[2025-05-14 11:26:04,517 Bens-Mac-Studio.local] audit.py:query_events:142 - INFO: 11:45-0:00 Daily Standup
[2025-05-14 11:26:04,517 Bens-Mac-Studio.local] audit.py:query_events:142 - INFO: 0:00-0:15 Lunch
[2025-05-14 11:26:04,517 Bens-Mac-Studio.local] audit.py:query_events:142 - INFO: 0:15-0:30 Bible
[2025-05-14 11:26:04,517 Bens-Mac-Studio.local] audit.py:query_events:142 - INFO: 0:30-3:45 Miru
[2025-05-14 11:26:04,518 Bens-Mac-Studio.local] audit.py:query_events:142 - INFO: 3:45-4:00 Run
[2025-05-14 11:26:04,518 Bens-Mac-Studio.local] audit.py:query_events:142 - INFO: 4:00-5:00 Lift
[2025-05-14 11:26:04,518 Bens-Mac-Studio.local] audit.py:query_events:142 - INFO: 5:00-5:30 Dinner
[2025-05-14 11:26:04,518 Bens-Mac-Studio.local] audit.py:query_events:142 - INFO: 5:30-8:45 Miru
[2025-05-14 11:26:04,518 Bens-Mac-Studio.local] audit.py:query_events:142 - INFO: 8:45-9:45 Technical Growth
[2025-05-14 11:26:04,518 Bens-Mac-Studio.local] audit.py:query_events:142 - INFO: 9:45-10:00 Nighttime Routine
[2025-05-14 11:26:04,518 Bens-Mac-Studio.local] audit.py:query_events:142 - INFO: 10:00-10:30 Read
[2025-05-14 11:26:04,518 Bens-Mac-Studio.local] audit.py:query_events:142 - INFO: 10:30-0:00 Sleep
[2025-05-14 11:26:04,518 Bens-Mac-Studio.local] audit.py:query_events:142 - INFO: 0:00-6:30 Sleep
[2025-05-14 11:26:04,518 Bens-Mac-Studio.local] audit.py:query_events:142 - INFO: 6:30-7:00 Morning Routine
[2025-05-14 11:26:04,518 Bens-Mac-Studio.local] audit.py:query_events:142 - INFO: 7:00-11:30 Miru
[2025-05-14 11:26:04,518 Bens-Mac-Studio.local] audit.py:query_events:142 - INFO: 11:30-11:45 Daily Planning
[2025-05-14 11:26:04,518 Bens-Mac-Studio.local] audit.py:query_events:142 - INFO: 11:45-0:00 Daily Standup
[2025-05-14 11:26:04,518 Bens-Mac-Studio.local] audit.py:query_events:142 - INFO: 0:00-0:15 Lunch
[2025-05-14 11:26:04,518 Bens-Mac-Studio.local] audit.py:query_events:142 - INFO: 0:15-0:30 Bible
[2025-05-14 11:26:04,518 Bens-Mac-Studio.local] audit.py:query_events:142 - INFO: 0:30-3:15 Miru
[2025-05-14 11:26:04,518 Bens-Mac-Studio.local] audit.py:query_events:142 - INFO: 3:15-3:30 Run
[2025-05-14 11:26:04,518 Bens-Mac-Studio.local] audit.py:query_events:142 - INFO: 3:30-4:30 Lift
[2025-05-14 11:26:04,518 Bens-Mac-Studio.local] audit.py:query_events:142 - INFO: 4:30-5:00 Stretch
[2025-05-14 11:26:04,518 Bens-Mac-Studio.local] audit.py:query_events:142 - INFO: 5:00-5:30 Dinner
[2025-05-14 11:26:04,518 Bens-Mac-Studio.local] audit.py:query_events:142 - INFO: 5:30-8:45 Miru
[2025-05-14 11:26:04,518 Bens-Mac-Studio.local] audit.py:query_events:142 - INFO: 8:45-9:45 Technical Growth
[2025-05-14 11:26:04,518 Bens-Mac-Studio.local] audit.py:query_events:142 - INFO: 9:45-10:00 Nighttime Routine
[2025-05-14 11:26:04,518 Bens-Mac-Studio.local] audit.py:query_events:142 - INFO: 10:00-10:30 Read
[2025-05-14 11:26:04,518 Bens-Mac-Studio.local] audit.py:query_events:142 - INFO: 10:30-0:00 Sleep
[2025-05-14 11:26:04,518 Bens-Mac-Studio.local] audit.py:query_events:142 - INFO: 0:00-6:30 Sleep
[2025-05-14 11:26:04,519 Bens-Mac-Studio.local] audit.py:query_events:142 - INFO: 6:30-7:00 Morning Routine
[2025-05-14 11:26:04,519 Bens-Mac-Studio.local] audit.py:query_events:142 - INFO: 7:00-11:30 Miru
[2025-05-14 11:26:04,519 Bens-Mac-Studio.local] audit.py:query_events:142 - INFO: 11:30-11:45 Daily Planning
[2025-05-14 11:26:04,519 Bens-Mac-Studio.local] audit.py:query_events:142 - INFO: 11:45-0:00 Daily Standup
[2025-05-14 11:26:04,519 Bens-Mac-Studio.local] audit.py:query_events:142 - INFO: 0:00-0:15 Lunch
[2025-05-14 11:26:04,519 Bens-Mac-Studio.local] audit.py:query_events:142 - INFO: 0:15-0:30 Bible
[2025-05-14 11:26:04,519 Bens-Mac-Studio.local] audit.py:query_events:142 - INFO: 0:30-4:15 Miru
[2025-05-14 11:26:04,519 Bens-Mac-Studio.local] audit.py:query_events:142 - INFO: 4:15-4:30 Travel
[2025-05-14 11:26:04,519 Bens-Mac-Studio.local] audit.py:query_events:142 - INFO: 4:30-6:30 Basketball
[2025-05-14 11:26:04,519 Bens-Mac-Studio.local] audit.py:query_events:142 - INFO: 6:30-6:45 Travel
[2025-05-14 11:26:04,519 Bens-Mac-Studio.local] audit.py:query_events:142 - INFO: 6:45-8:15 Founder Friday
[2025-05-14 11:26:04,519 Bens-Mac-Studio.local] audit.py:query_events:142 - INFO: 8:15-8:30 Travel
[2025-05-14 11:26:04,519 Bens-Mac-Studio.local] audit.py:query_events:142 - INFO: 8:30-8:45 Clean
[2025-05-14 11:26:04,519 Bens-Mac-Studio.local] audit.py:query_events:142 - INFO: 8:45-9:45 Technical Growth
[2025-05-14 11:26:04,519 Bens-Mac-Studio.local] audit.py:query_events:142 - INFO: 9:45-10:00 Nighttime Routine
[2025-05-14 11:26:04,519 Bens-Mac-Studio.local] audit.py:query_events:142 - INFO: 10:00-10:30 Read
[2025-05-14 11:26:04,519 Bens-Mac-Studio.local] audit.py:query_events:142 - INFO: 10:30-0:00 Sleep
[2025-05-14 11:26:04,519 Bens-Mac-Studio.local] audit.py:query_events:142 - INFO: 0:00-6:30 Sleep
[2025-05-14 11:26:04,519 Bens-Mac-Studio.local] audit.py:query_events:142 - INFO: 6:30-7:00 Morning Routine
[2025-05-14 11:26:04,519 Bens-Mac-Studio.local] audit.py:query_events:142 - INFO: 7:00-11:30 Miru
[2025-05-14 11:26:04,519 Bens-Mac-Studio.local] audit.py:query_events:142 - INFO: 11:30-11:45 Daily Planning
[2025-05-14 11:26:04,519 Bens-Mac-Studio.local] audit.py:query_events:142 - INFO: 11:45-0:00 Daily Standup
[2025-05-14 11:26:04,519 Bens-Mac-Studio.local] audit.py:query_events:142 - INFO: 0:00-0:15 Lunch
[2025-05-14 11:26:04,519 Bens-Mac-Studio.local] audit.py:query_events:142 - INFO: 0:15-0:30 Bible
[2025-05-14 11:26:04,519 Bens-Mac-Studio.local] audit.py:query_events:142 - INFO: 0:30-4:15 Miru
[2025-05-14 11:26:04,519 Bens-Mac-Studio.local] audit.py:query_events:142 - INFO: 4:15-4:30 Run
[2025-05-14 11:26:04,519 Bens-Mac-Studio.local] audit.py:query_events:142 - INFO: 4:30-5:30 Lift
[2025-05-14 11:26:04,519 Bens-Mac-Studio.local] audit.py:query_events:142 - INFO: 5:30-6:00 Dinner
[2025-05-14 11:26:04,520 Bens-Mac-Studio.local] audit.py:query_events:142 - INFO: 6:00-6:15 Clean
[2025-05-14 11:26:04,520 Bens-Mac-Studio.local] audit.py:query_events:142 - INFO: 6:15-10:15 Social Time
[2025-05-14 11:26:04,520 Bens-Mac-Studio.local] audit.py:query_events:142 - INFO: 10:15-10:30 Nighttime Routine
[2025-05-14 11:26:04,520 Bens-Mac-Studio.local] audit.py:query_events:142 - INFO: 10:30-0:00 Sleep
[2025-05-14 11:26:04,520 Bens-Mac-Studio.local] audit.py:query_events:142 - INFO: 0:00-6:30 Sleep
[2025-05-14 11:26:04,520 Bens-Mac-Studio.local] audit.py:query_events:142 - INFO: 6:30-7:00 Morning Routine
[2025-05-14 11:26:04,520 Bens-Mac-Studio.local] audit.py:query_events:142 - INFO: 7:00-10:00 Miru
[2025-05-14 11:26:04,520 Bens-Mac-Studio.local] audit.py:query_events:142 - INFO: 10:00-10:15 Daily Planning
[2025-05-14 11:26:04,520 Bens-Mac-Studio.local] audit.py:query_events:142 - INFO: 10:15-10:45 Travel
[2025-05-14 11:26:04,520 Bens-Mac-Studio.local] audit.py:query_events:142 - INFO: 10:45-11:45 Church
[2025-05-14 11:26:04,520 Bens-Mac-Studio.local] audit.py:query_events:142 - INFO: 11:45-0:15 Travel
[2025-05-14 11:26:04,520 Bens-Mac-Studio.local] audit.py:query_events:142 - INFO: 0:15-0:45 Lunch
[2025-05-14 11:26:04,520 Bens-Mac-Studio.local] audit.py:query_events:142 - INFO: 0:45-5:00 Miru
[2025-05-14 11:26:04,520 Bens-Mac-Studio.local] audit.py:query_events:142 - INFO: 5:00-5:30 Meal Prep
[2025-05-14 11:26:04,521 Bens-Mac-Studio.local] audit.py:query_events:142 - INFO: 5:30-6:00 Stretch
[2025-05-14 11:26:04,521 Bens-Mac-Studio.local] audit.py:query_events:142 - INFO: 6:00-6:15 Dinner
[2025-05-14 11:26:04,521 Bens-Mac-Studio.local] audit.py:query_events:142 - INFO: 6:15-7:00 Call Friends / Family
[2025-05-14 11:26:04,521 Bens-Mac-Studio.local] audit.py:query_events:142 - INFO: 7:00-7:30 Meal Prep
[2025-05-14 11:26:04,521 Bens-Mac-Studio.local] audit.py:query_events:142 - INFO: 7:30-8:00 Weekly Review
[2025-05-14 11:26:04,521 Bens-Mac-Studio.local] audit.py:query_events:142 - INFO: 8:00-10:00 Write
[2025-05-14 11:26:04,521 Bens-Mac-Studio.local] audit.py:query_events:142 - INFO: 10:00-10:15 Nighttime Routine
[2025-05-14 11:26:04,521 Bens-Mac-Studio.local] audit.py:query_events:142 - INFO: 10:15-10:30 Read
[2025-05-14 11:26:04,521 Bens-Mac-Studio.local] audit.py:query_events:142 - INFO: 10:30-0:00 Sleep
